<?xml version="1.0" encoding="UTF-8"?>
<testsuite name="Login Test"
           tests="2"
           failures="0"
           errors="0"
           skipped="0"
           time="21.381">
  <properties />
  
  
            <testcase name="verifyProductArrangeInAlphaBaticalOrder" time="2.741" classname="com.tutorialninja.testsuite.DeskTopTest" />
                <testcase name="verifyProductAddedToShoppingCartSuccessFully" time="18.640" classname="com.tutorialninja.testsuite.DeskTopTest" />
      
</testsuite>
